<?xml version="1.0" encoding="utf-8"?><testsuites name="pytest tests"><testsuite name="pytest" errors="0" failures="0" skipped="0" tests="8" time="0.944" timestamp="2026-06-13T09:23:10.187081+00:00" hostname="agent-env-aad91935-578d-4325-8516-7a6acd17d8b5"><testcase classname="backend.tests.test_decoded_api" name="test_root_health" time="0.124" /><testcase classname="backend.tests.test_decoded_api" name="test_subscribe_valid_email_creates_record" time="0.046" /><testcase classname="backend.tests.test_decoded_api" name="test_subscribe_invalid_email_returns_422" time="0.083" /><testcase classname="backend.tests.test_decoded_api" name="test_subscribe_idempotent_for_duplicate_email" time="0.128" /><testcase classname="backend.tests.test_decoded_api" name="test_subscribe_email_normalized_to_lowercase" time="0.083" /><testcase classname="backend.tests.test_decoded_api" name="test_subscribers_count_returns_int" time="0.044" /><testcase classname="backend.tests.test_decoded_api" name="test_subscribers_count_increments_after_new_subscribe" time="0.204" /><testcase classname="backend.tests.test_decoded_api" name="test_subscribe_missing_email_returns_422" time="0.080" /></testsuite></testsuites>