<?xml version="1.0" encoding="utf-8"?><testsuites name="pytest tests"><testsuite name="pytest" errors="0" failures="0" skipped="0" tests="14" time="5.181" timestamp="2026-06-13T09:51:13.640944+00:00" hostname="agent-env-aad91935-578d-4325-8516-7a6acd17d8b5"><testcase classname="backend.tests.test_decode_llm" name="test_decode_valid_jargon_returns_shape" time="2.408" /><testcase classname="backend.tests.test_decode_llm" name="test_decode_too_short_returns_422" time="0.063" /><testcase classname="backend.tests.test_decode_llm" name="test_decode_empty_returns_422" time="0.043" /><testcase classname="backend.tests.test_decode_llm" name="test_decode_too_long_returns_422" time="0.046" /><testcase classname="backend.tests.test_decode_llm" name="test_decode_blunt_text_returns_valid_json" time="1.843" /><testcase classname="backend.tests.test_decode_llm" name="test_decode_missing_text_returns_422" time="0.044" /><testcase classname="backend.tests.test_decoded_api" name="test_root_health" time="0.133" /><testcase classname="backend.tests.test_decoded_api" name="test_subscribe_valid_email_creates_record" time="0.051" /><testcase classname="backend.tests.test_decoded_api" name="test_subscribe_invalid_email_returns_422" time="0.043" /><testcase classname="backend.tests.test_decoded_api" name="test_subscribe_idempotent_for_duplicate_email" time="0.090" /><testcase classname="backend.tests.test_decoded_api" name="test_subscribe_email_normalized_to_lowercase" time="0.048" /><testcase classname="backend.tests.test_decoded_api" name="test_subscribers_count_returns_int" time="0.044" /><testcase classname="backend.tests.test_decoded_api" name="test_subscribers_count_increments_after_new_subscribe" time="0.170" /><testcase classname="backend.tests.test_decoded_api" name="test_subscribe_missing_email_returns_422" time="0.041" /></testsuite></testsuites>